2023-07-16 11:49:42,746 urllib3.connectionpool DEBUG Starting new HTTPS connection (1): api.hh.ru:443
2023-07-16 11:49:42,972 urllib3.connectionpool DEBUG https://api.hh.ru:443 "GET /vacancies?text=middle+python&search_field=name&per_page=20&page=0 HTTP/1.1" 200 None
2023-07-16 11:49:42,974 root DEBUG Получена 0 страница поиска вакансий
2023-07-16 11:49:42,975 asyncio DEBUG Using selector: EpollSelector
2023-07-16 11:49:42,984 root DEBUG Начата загрузка вакансии /vacancies/82841724
2023-07-16 11:49:42,996 root DEBUG Начата загрузка вакансии /vacancies/83300859
2023-07-16 11:49:43,002 root DEBUG Начата загрузка вакансии /vacancies/83458412
2023-07-16 11:49:43,004 root DEBUG Начата загрузка вакансии /vacancies/83438237
2023-07-16 11:49:43,008 root DEBUG Начата загрузка вакансии /vacancies/82825127
2023-07-16 11:49:43,016 root DEBUG Начата загрузка вакансии /vacancies/82858718
2023-07-16 11:49:43,024 root DEBUG Начата загрузка вакансии /vacancies/83460735
2023-07-16 11:49:43,026 root DEBUG Начата загрузка вакансии /vacancies/83409596
2023-07-16 11:49:43,034 root DEBUG Начата загрузка вакансии /vacancies/83234434
2023-07-16 11:49:43,038 root DEBUG Начата загрузка вакансии /vacancies/83409394
2023-07-16 11:49:43,044 root DEBUG Начата загрузка вакансии /vacancies/82119961
2023-07-16 11:49:43,060 root DEBUG Начата загрузка вакансии /vacancies/82870104
2023-07-16 11:49:43,066 root DEBUG Начата загрузка вакансии /vacancies/83279670
2023-07-16 11:49:43,073 root DEBUG Начата загрузка вакансии /vacancies/83225173
2023-07-16 11:49:43,092 root DEBUG Начата загрузка вакансии /vacancies/83345919
2023-07-16 11:49:43,094 root DEBUG Начата загрузка вакансии /vacancies/82402579
2023-07-16 11:49:43,096 root DEBUG Начата загрузка вакансии /vacancies/83256342
2023-07-16 11:49:43,098 root DEBUG Начата загрузка вакансии /vacancies/82987200
2023-07-16 11:49:43,101 root DEBUG Начата загрузка вакансии /vacancies/82936068
2023-07-16 11:49:43,134 root DEBUG Начата загрузка вакансии /vacancies/83279671
2023-07-16 11:49:44,297 root DEBUG Завершена загрузка вакансии /vacancies/82825127
2023-07-16 11:49:44,352 root DEBUG Завершена загрузка вакансии /vacancies/82858718
2023-07-16 11:49:44,469 root DEBUG Завершена загрузка вакансии /vacancies/83460735
2023-07-16 11:49:44,547 root DEBUG Завершена загрузка вакансии /vacancies/83409596
2023-07-16 11:49:44,630 root DEBUG Завершена загрузка вакансии /vacancies/83234434
2023-07-16 11:49:44,730 root DEBUG Завершена загрузка вакансии /vacancies/83409394
2023-07-16 11:49:44,795 root DEBUG Завершена загрузка вакансии /vacancies/82119961
2023-07-16 11:49:44,897 root DEBUG Завершена загрузка вакансии /vacancies/82870104
2023-07-16 11:49:44,986 root DEBUG Завершена загрузка вакансии /vacancies/83279670
2023-07-16 11:49:45,169 root DEBUG Завершена загрузка вакансии /vacancies/83225173
2023-07-16 11:49:45,238 root DEBUG Завершена загрузка вакансии /vacancies/83345919
2023-07-16 11:49:45,326 root DEBUG Завершена загрузка вакансии /vacancies/82402579
2023-07-16 11:49:45,370 root DEBUG Завершена загрузка вакансии /vacancies/83256342
2023-07-16 11:49:45,410 root DEBUG Завершена загрузка вакансии /vacancies/82987200
2023-07-16 11:49:45,477 root DEBUG Завершена загрузка вакансии /vacancies/82936068
2023-07-16 11:49:45,685 root DEBUG Завершена загрузка вакансии /vacancies/83279671
2023-07-16 11:49:50,390 root DEBUG Завершена загрузка вакансии /vacancies/83438237
2023-07-16 11:49:58,567 root DEBUG Завершена загрузка вакансии /vacancies/82841724
2023-07-16 11:50:14,715 root DEBUG Завершена загрузка вакансии /vacancies/83458412
2023-07-16 11:50:46,976 root DEBUG Завершена загрузка вакансии /vacancies/83300859
2023-07-16 11:50:47,025 root DEBUG Получено 14 вакансий
2023-07-16 11:50:47,026 urllib3.connectionpool DEBUG Starting new HTTPS connection (1): api.hh.ru:443
2023-07-16 11:50:48,202 urllib3.connectionpool DEBUG https://api.hh.ru:443 "GET /vacancies?text=middle+python&search_field=name&per_page=20&page=1 HTTP/1.1" 200 None
2023-07-16 11:50:48,208 root DEBUG Получена 1 страница поиска вакансий
2023-07-16 11:50:48,208 asyncio DEBUG Using selector: EpollSelector
2023-07-16 11:50:48,209 root DEBUG Начата загрузка вакансии /vacancies/82260854
2023-07-16 11:50:48,211 root DEBUG Начата загрузка вакансии /vacancies/82596275
2023-07-16 11:50:48,212 root DEBUG Начата загрузка вакансии /vacancies/82055830
2023-07-16 11:50:48,214 root DEBUG Начата загрузка вакансии /vacancies/82526972
2023-07-16 11:50:48,215 root DEBUG Начата загрузка вакансии /vacancies/81744533
2023-07-16 11:50:48,216 root DEBUG Начата загрузка вакансии /vacancies/83395419
2023-07-16 11:50:48,218 root DEBUG Начата загрузка вакансии /vacancies/82544732
2023-07-16 11:50:48,219 root DEBUG Начата загрузка вакансии /vacancies/83465045
2023-07-16 11:50:48,220 root DEBUG Начата загрузка вакансии /vacancies/83026155
2023-07-16 11:50:48,221 root DEBUG Начата загрузка вакансии /vacancies/83409513
2023-07-16 11:50:48,223 root DEBUG Начата загрузка вакансии /vacancies/83346890
2023-07-16 11:50:48,224 root DEBUG Начата загрузка вакансии /vacancies/83387552
2023-07-16 11:50:48,225 root DEBUG Начата загрузка вакансии /vacancies/83188462
2023-07-16 11:50:48,227 root DEBUG Начата загрузка вакансии /vacancies/83409606
2023-07-16 11:50:48,228 root DEBUG Начата загрузка вакансии /vacancies/83200368
2023-07-16 11:50:48,229 root DEBUG Начата загрузка вакансии /vacancies/82910400
2023-07-16 11:50:48,231 root DEBUG Начата загрузка вакансии /vacancies/82942565
2023-07-16 11:50:48,232 root DEBUG Начата загрузка вакансии /vacancies/82056502
2023-07-16 11:50:48,233 root DEBUG Начата загрузка вакансии /vacancies/82143529
2023-07-16 11:50:48,234 root DEBUG Начата загрузка вакансии /vacancies/83303987
2023-07-16 11:50:49,329 root DEBUG Завершена загрузка вакансии /vacancies/81744533
2023-07-16 11:50:49,415 root DEBUG Завершена загрузка вакансии /vacancies/83395419
2023-07-16 11:50:49,608 root DEBUG Завершена загрузка вакансии /vacancies/82544732
2023-07-16 11:50:49,684 root DEBUG Завершена загрузка вакансии /vacancies/83465045
2023-07-16 11:50:49,753 root DEBUG Завершена загрузка вакансии /vacancies/83026155
2023-07-16 11:50:49,909 root DEBUG Завершена загрузка вакансии /vacancies/83409513
2023-07-16 11:50:49,971 root DEBUG Завершена загрузка вакансии /vacancies/83346890
2023-07-16 11:50:50,064 root DEBUG Завершена загрузка вакансии /vacancies/83387552
2023-07-16 11:50:50,194 root DEBUG Завершена загрузка вакансии /vacancies/83188462
2023-07-16 11:50:50,263 root DEBUG Завершена загрузка вакансии /vacancies/83409606
2023-07-16 11:50:50,417 root DEBUG Завершена загрузка вакансии /vacancies/83200368
2023-07-16 11:50:50,459 root DEBUG Завершена загрузка вакансии /vacancies/82910400
2023-07-16 11:50:50,508 root DEBUG Завершена загрузка вакансии /vacancies/82942565
2023-07-16 11:50:50,594 root DEBUG Завершена загрузка вакансии /vacancies/82056502
2023-07-16 11:50:50,830 root DEBUG Завершена загрузка вакансии /vacancies/82143529
2023-07-16 11:50:50,903 root DEBUG Завершена загрузка вакансии /vacancies/83303987
2023-07-16 11:50:51,380 root DEBUG Завершена загрузка вакансии /vacancies/82260854
2023-07-16 11:51:04,206 root DEBUG Завершена загрузка вакансии /vacancies/82596275
2023-07-16 11:51:52,543 root DEBUG Завершена загрузка вакансии /vacancies/82055830
2023-07-16 12:22:38,154 urllib3.connectionpool DEBUG Starting new HTTPS connection (1): api.hh.ru:443
2023-07-16 12:22:38,302 urllib3.connectionpool DEBUG https://api.hh.ru:443 "GET /vacancies?text=middle+python&search_field=name&per_page=20&page=0 HTTP/1.1" 200 None
2023-07-16 12:22:38,305 root DEBUG Получена 0 страница поиска вакансий
2023-07-16 12:22:38,306 asyncio DEBUG Using selector: EpollSelector
2023-07-16 12:22:38,308 root DEBUG Начата загрузка вакансии /vacancies/82841724
2023-07-16 12:22:38,311 root DEBUG Начата загрузка вакансии /vacancies/83300859
2023-07-16 12:22:38,313 root DEBUG Начата загрузка вакансии /vacancies/83458412
2023-07-16 12:22:38,315 root DEBUG Начата загрузка вакансии /vacancies/83438237
2023-07-16 12:22:38,316 root DEBUG Начата загрузка вакансии /vacancies/82825127
2023-07-16 12:22:38,318 root DEBUG Начата загрузка вакансии /vacancies/82858718
2023-07-16 12:22:38,319 root DEBUG Начата загрузка вакансии /vacancies/83409596
2023-07-16 12:22:38,321 root DEBUG Начата загрузка вакансии /vacancies/83460735
2023-07-16 12:22:38,323 root DEBUG Начата загрузка вакансии /vacancies/83234434
2023-07-16 12:22:38,324 root DEBUG Начата загрузка вакансии /vacancies/83409394
2023-07-16 12:22:38,325 root DEBUG Начата загрузка вакансии /vacancies/82119961
2023-07-16 12:22:38,326 root DEBUG Начата загрузка вакансии /vacancies/82870104
2023-07-16 12:22:38,328 root DEBUG Начата загрузка вакансии /vacancies/83279670
2023-07-16 12:22:38,329 root DEBUG Начата загрузка вакансии /vacancies/83225173
2023-07-16 12:22:38,330 root DEBUG Начата загрузка вакансии /vacancies/83345919
2023-07-16 12:22:38,332 root DEBUG Начата загрузка вакансии /vacancies/82402579
2023-07-16 12:22:38,333 root DEBUG Начата загрузка вакансии /vacancies/83256342
2023-07-16 12:22:38,334 root DEBUG Начата загрузка вакансии /vacancies/82987200
2023-07-16 12:22:38,335 root DEBUG Начата загрузка вакансии /vacancies/82936068
2023-07-16 12:22:38,337 root DEBUG Начата загрузка вакансии /vacancies/83279671
2023-07-16 12:22:41,489 root DEBUG Завершена загрузка вакансии /vacancies/82841724
2023-07-16 12:22:41,566 root DEBUG Завершена загрузка вакансии /vacancies/82858718
2023-07-16 12:22:41,785 root DEBUG Завершена загрузка вакансии /vacancies/83409596
2023-07-16 12:22:41,831 root DEBUG Завершена загрузка вакансии /vacancies/83460735
2023-07-16 12:22:41,870 root DEBUG Завершена загрузка вакансии /vacancies/83234434
2023-07-16 12:22:41,982 root DEBUG Завершена загрузка вакансии /vacancies/83409394
2023-07-16 12:22:42,071 root DEBUG Завершена загрузка вакансии /vacancies/82119961
2023-07-16 12:22:42,180 root DEBUG Завершена загрузка вакансии /vacancies/82870104
2023-07-16 12:22:42,488 root DEBUG Завершена загрузка вакансии /vacancies/83279670
2023-07-16 12:22:42,596 root DEBUG Завершена загрузка вакансии /vacancies/83225173
2023-07-16 12:22:42,640 root DEBUG Завершена загрузка вакансии /vacancies/83345919
2023-07-16 12:22:42,685 root DEBUG Завершена загрузка вакансии /vacancies/82402579
2023-07-16 12:22:42,778 root DEBUG Завершена загрузка вакансии /vacancies/83256342
2023-07-16 12:22:42,818 root DEBUG Завершена загрузка вакансии /vacancies/82987200
2023-07-16 12:22:42,862 root DEBUG Завершена загрузка вакансии /vacancies/82936068
2023-07-16 12:22:42,943 root DEBUG Завершена загрузка вакансии /vacancies/83279671
2023-07-16 12:22:45,543 root DEBUG Завершена загрузка вакансии /vacancies/82825127
2023-07-16 12:22:53,757 root DEBUG Завершена загрузка вакансии /vacancies/83300859
2023-07-16 12:23:10,084 root DEBUG Завершена загрузка вакансии /vacancies/83438237
2023-07-16 12:23:42,628 root DEBUG Завершена загрузка вакансии /vacancies/83458412
2023-07-16 12:23:42,661 root DEBUG Получено 14 вакансий
2023-07-16 12:23:42,663 urllib3.connectionpool DEBUG Starting new HTTPS connection (1): api.hh.ru:443
2023-07-16 12:23:43,841 urllib3.connectionpool DEBUG https://api.hh.ru:443 "GET /vacancies?text=middle+python&search_field=name&per_page=20&page=1 HTTP/1.1" 200 None
2023-07-16 12:23:43,846 root DEBUG Получена 1 страница поиска вакансий
2023-07-16 12:23:43,847 asyncio DEBUG Using selector: EpollSelector
2023-07-16 12:23:43,848 root DEBUG Начата загрузка вакансии /vacancies/82260854
2023-07-16 12:23:43,849 root DEBUG Начата загрузка вакансии /vacancies/82596275
2023-07-16 12:23:43,850 root DEBUG Начата загрузка вакансии /vacancies/81744533
2023-07-16 12:23:43,853 root DEBUG Начата загрузка вакансии /vacancies/82526972
2023-07-16 12:23:43,855 root DEBUG Начата загрузка вакансии /vacancies/83395419
2023-07-16 12:23:43,857 root DEBUG Начата загрузка вакансии /vacancies/82055830
2023-07-16 12:23:43,868 root DEBUG Начата загрузка вакансии /vacancies/82544732
2023-07-16 12:23:43,871 root DEBUG Начата загрузка вакансии /vacancies/83026155
2023-07-16 12:23:43,878 root DEBUG Начата загрузка вакансии /vacancies/83346890
2023-07-16 12:23:43,880 root DEBUG Начата загрузка вакансии /vacancies/83409513
2023-07-16 12:23:43,882 root DEBUG Начата загрузка вакансии /vacancies/83465045
2023-07-16 12:23:43,883 root DEBUG Начата загрузка вакансии /vacancies/83387552
2023-07-16 12:23:43,888 root DEBUG Начата загрузка вакансии /vacancies/83188462
2023-07-16 12:23:43,890 root DEBUG Начата загрузка вакансии /vacancies/83200368
2023-07-16 12:23:43,891 root DEBUG Начата загрузка вакансии /vacancies/82910400
2023-07-16 12:23:43,892 root DEBUG Начата загрузка вакансии /vacancies/82942565
2023-07-16 12:23:43,893 root DEBUG Начата загрузка вакансии /vacancies/83409606
2023-07-16 12:23:43,894 root DEBUG Начата загрузка вакансии /vacancies/82056502
2023-07-16 12:23:43,894 root DEBUG Начата загрузка вакансии /vacancies/82143529
2023-07-16 12:23:43,895 root DEBUG Начата загрузка вакансии /vacancies/83303987
2023-07-16 12:23:44,997 root DEBUG Завершена загрузка вакансии /vacancies/83395419
2023-07-16 12:23:45,117 root DEBUG Завершена загрузка вакансии /vacancies/82055830
2023-07-16 12:23:45,193 root DEBUG Завершена загрузка вакансии /vacancies/82544732
2023-07-16 12:23:45,298 root DEBUG Завершена загрузка вакансии /vacancies/83026155
2023-07-16 12:23:45,460 root DEBUG Завершена загрузка вакансии /vacancies/83346890
2023-07-16 12:23:45,537 root DEBUG Завершена загрузка вакансии /vacancies/83409513
2023-07-16 12:23:45,588 root DEBUG Завершена загрузка вакансии /vacancies/83465045
2023-07-16 12:23:45,630 root DEBUG Завершена загрузка вакансии /vacancies/83387552
2023-07-16 12:23:45,683 root DEBUG Завершена загрузка вакансии /vacancies/83188462
2023-07-16 12:23:45,861 root DEBUG Завершена загрузка вакансии /vacancies/83200368
2023-07-16 12:23:45,923 root DEBUG Завершена загрузка вакансии /vacancies/82910400
2023-07-16 12:23:46,005 root DEBUG Завершена загрузка вакансии /vacancies/82942565
2023-07-16 12:23:46,115 root DEBUG Завершена загрузка вакансии /vacancies/83409606
2023-07-16 12:23:46,157 root DEBUG Завершена загрузка вакансии /vacancies/82056502
2023-07-16 12:23:46,201 root DEBUG Завершена загрузка вакансии /vacancies/82143529
2023-07-16 12:23:46,248 root DEBUG Завершена загрузка вакансии /vacancies/83303987
2023-07-16 12:23:51,079 root DEBUG Завершена загрузка вакансии /vacancies/82526972
2023-07-16 12:23:59,309 root DEBUG Завершена загрузка вакансии /vacancies/82260854
2023-07-16 12:24:48,174 root DEBUG Завершена загрузка вакансии /vacancies/82596275
